{"/Users/akpan/Documents/DevEducation/Projects/JS/js-bootcamp/js-foundations/src/sum.js": {"path":"/Users/akpan/Documents/DevEducation/Projects/JS/js-bootcamp/js-foundations/src/sum.js","statementMap":{"0":{"start":{"line":2,"column":2},"end":{"line":2,"column":38}},"1":{"start":{"line":2,"column":29},"end":{"line":2,"column":38}},"2":{"start":{"line":3,"column":2},"end":{"line":5,"column":3}},"3":{"start":{"line":4,"column":4},"end":{"line":4,"column":21}},"4":{"start":{"line":6,"column":2},"end":{"line":6,"column":48}},"5":{"start":{"line":10,"column":2},"end":{"line":10,"column":29}},"6":{"start":{"line":13,"column":0},"end":{"line":13,"column":25}}},"fnMap":{"0":{"name":"toNum","decl":{"start":{"line":1,"column":9},"end":{"line":1,"column":14}},"loc":{"start":{"line":1,"column":18},"end":{"line":7,"column":1}},"line":1},"1":{"name":"sum","decl":{"start":{"line":9,"column":9},"end":{"line":9,"column":12}},"loc":{"start":{"line":9,"column":19},"end":{"line":11,"column":1}},"line":9}},"branchMap":{"0":{"loc":{"start":{"line":2,"column":2},"end":{"line":2,"column":38}},"type":"if","locations":[{"start":{"line":2,"column":2},"end":{"line":2,"column":38}},{"start":{},"end":{}}],"line":2},"1":{"loc":{"start":{"line":3,"column":2},"end":{"line":5,"column":3}},"type":"if","locations":[{"start":{"line":3,"column":2},"end":{"line":5,"column":3}},{"start":{},"end":{}}],"line":3},"2":{"loc":{"start":{"line":3,"column":6},"end":{"line":3,"column":74}},"type":"binary-expr","locations":[{"start":{"line":3,"column":6},"end":{"line":3,"column":27}},{"start":{"line":3,"column":31},"end":{"line":3,"column":46}},{"start":{"line":3,"column":50},"end":{"line":3,"column":74}}],"line":3}},"s":{"0":5,"1":2,"2":3,"3":2,"4":1,"5":3,"6":1},"f":{"0":5,"1":3},"b":{"0":[2,3],"1":[2,1],"2":[3,3,3]},"_coverageSchema":"1a1c01bbd47fc00a2c39e90264f33305004495a9","hash":"3e7a99de8efe58d139ac00af052ee0d70676148b"}
}
